<?xml version="1.0" encoding="UTF-8"?>
<!-- Generated by org.testng.reporters.JUnitReportReporter -->
<testsuite name="automated_tests.InitialPopups" tests="8" time="3.607" ignored="0" failures="0" timestamp="31 Jan 2017 01:55:07 GMT" skipped="0" hostname="Catherines-Air" errors="0">
  <testcase name="acceptConsentToUse" time="0.111" classname="automated_tests.InitialPopups"/>
  <testcase name="main" time="0.459" classname="automated_tests.InitialPopups"/>
  <testcase name="acceptConsentToUse" time="0.189" classname="automated_tests.InitialPopups"/>
  <testcase name="acceptTermsOfUse" time="0.040" classname="automated_tests.InitialPopups"/>
  <testcase name="clickInstructionsOverlay" time="1.271" classname="automated_tests.InitialPopups"/>
  <testcase name="main" time="0.186" classname="automated_tests.InitialPopups"/>
  <testcase name="acceptTermsOfUse" time="0.111" classname="automated_tests.InitialPopups"/>
  <testcase name="clickInstructionsOverlay" time="1.240" classname="automated_tests.InitialPopups"/>
</testsuite> <!-- automated_tests.InitialPopups -->
